<?xml version="1.0" encoding="UTF-8"?>
<!-- Generated by org.testng.reporters.JUnitReportReporter -->
<testsuite hostname="MPL-F0LYDL3" failures="0" tests="1" name="com.alpha.screenrecorder.Assessment" time="3.408" errors="0" timestamp="2024-08-25T00:35:12 IST" skipped="0">
  <testcase classname="com.alpha.screenrecorder.Assessment" name="testFrontendBackendIntegration" time="3.408"/>
</testsuite> <!-- com.alpha.screenrecorder.Assessment -->
