<?xml version="1.0" encoding="UTF-8"?>
<!-- Generated by org.testng.reporters.JUnitReportReporter -->
<testsuite hostname="MPL-F0LYDL3" failures="0" tests="1" name="com.alpha.screenrecorder.xyz" time="8.524" errors="0" timestamp="2024-08-24T15:57:28 IST" skipped="0">
  <testcase classname="com.alpha.screenrecorder.xyz" name="testFrontendBackendIntegration" time="8.524"/>
</testsuite> <!-- com.alpha.screenrecorder.xyz -->
